# JRE version: Java(TM) SE Runtime Environment (7.0_75-b13) (build 1.7.0_75-b13)
# Java VM: Java HotSpot(TM) 64-Bit Server VM (24.75-b04 mixed mode windows-amd64 compressed oops)
Heap
 PSYoungGen      total 116224K, used 39483K [0x00000000f5500000, 0x0000000100000000, 0x0000000100000000)
  eden space 90112K, 43% used [0x00000000f5500000,0x00000000f7b8ef48,0x00000000fad00000)
  from space 26112K, 0% used [0x00000000fad00000,0x00000000fad00000,0x00000000fc680000)
  to   space 43008K, 0% used [0x00000000fd600000,0x00000000fd600000,0x0000000100000000)
 ParOldGen       total 128000K, used 90280K [0x00000000e0000000, 0x00000000e7d00000, 0x00000000f5500000)
  object space 128000K, 70% used [0x00000000e0000000,0x00000000e582a188,0x00000000e7d00000)
 PSPermGen       total 121344K, used 83045K [0x00000000d0000000, 0x00000000d7680000, 0x00000000e0000000)
  object space 121344K, 68% used [0x00000000d0000000,0x00000000d5119428,0x00000000d7680000)
GC Heap History (10 events):
Event: 382.696 GC heap before
{Heap before GC invocations=22 (full 4):
 PSYoungGen      total 120320K, used 119921K [0x00000000f5500000, 0x00000000ffc80000, 0x0000000100000000)
  eden space 107520K, 100% used [0x00000000f5500000,0x00000000fbe00000,0x00000000fbe00000)
  from space 12800K, 96% used [0x00000000fbe00000,0x00000000fca1c4b8,0x00000000fca80000)
  to   space 31744K, 0% used [0x00000000fdd80000,0x00000000fdd80000,0x00000000ffc80000)
 ParOldGen       total 128000K, used 73810K [0x00000000e0000000, 0x00000000e7d00000, 0x00000000f5500000)
  object space 128000K, 57% used [0x00000000e0000000,0x00000000e4814ab0,0x00000000e7d00000)
 PSPermGen       total 112128K, used 78535K [0x00000000d0000000, 0x00000000d6d80000, 0x00000000e0000000)
  object space 112128K, 70% used [0x00000000d0000000,0x00000000d4cb1f50,0x00000000d6d80000)
Event: 382.768 GC heap after
Heap after GC invocations=22 (full 4):
 PSYoungGen      total 138752K, used 21023K [0x00000000f5500000, 0x0000000100000000, 0x0000000100000000)
  eden space 107008K, 0% used [0x00000000f5500000,0x00000000f5500000,0x00000000fbd80000)
  from space 31744K, 66% used [0x00000000fdd80000,0x00000000ff207fe0,0x00000000ffc80000)
  to   space 32768K, 0% used [0x00000000fbd80000,0x00000000fbd80000,0x00000000fdd80000)
 ParOldGen       total 128000K, used 73810K [0x00000000e0000000, 0x00000000e7d00000, 0x00000000f5500000)
  object space 128000K, 57% used [0x00000000e0000000,0x00000000e4814ab0,0x00000000e7d00000)
 PSPermGen       total 112128K, used 78535K [0x00000000d0000000, 0x00000000d6d80000, 0x00000000e0000000)
  object space 112128K, 70% used [0x00000000d0000000,0x00000000d4cb1f50,0x00000000d6d80000)
}
Event: 385.669 GC heap before
{Heap before GC invocations=23 (full 4):
 PSYoungGen      total 138752K, used 128031K [0x00000000f5500000, 0x0000000100000000, 0x0000000100000000)
  eden space 107008K, 100% used [0x00000000f5500000,0x00000000fbd80000,0x00000000fbd80000)
  from space 31744K, 66% used [0x00000000fdd80000,0x00000000ff207fe0,0x00000000ffc80000)
  to   space 32768K, 0% used [0x00000000fbd80000,0x00000000fbd80000,0x00000000fdd80000)
 ParOldGen       total 128000K, used 73810K [0x00000000e0000000, 0x00000000e7d00000, 0x00000000f5500000)
  object space 128000K, 57% used [0x00000000e0000000,0x00000000e4814ab0,0x00000000e7d00000)
 PSPermGen       total 112128K, used 81383K [0x00000000d0000000, 0x00000000d6d80000, 0x00000000e0000000)
  object space 112128K, 72% used [0x00000000d0000000,0x00000000d4f79d38,0x00000000d6d80000)
Event: 385.745 GC heap after
Heap after GC invocations=23 (full 4):
 PSYoungGen      total 138240K, used 30980K [0x00000000f5500000, 0x0000000100000000, 0x0000000100000000)
  eden space 107008K, 0% used [0x00000000f5500000,0x00000000f5500000,0x00000000fbd80000)
  from space 31232K, 99% used [0x00000000fbd80000,0x00000000fdbc11e8,0x00000000fdc00000)
  to   space 36864K, 0% used [0x00000000fdc00000,0x00000000fdc00000,0x0000000100000000)
 ParOldGen       total 128000K, used 73810K [0x00000000e0000000, 0x00000000e7d00000, 0x00000000f5500000)
  object space 128000K, 57% used [0x00000000e0000000,0x00000000e4814ab0,0x00000000e7d00000)
 PSPermGen       total 112128K, used 81383K [0x00000000d0000000, 0x00000000d6d80000, 0x00000000e0000000)
  object space 112128K, 72% used [0x00000000d0000000,0x00000000d4f79d38,0x00000000d6d80000)
}
Event: 393.678 GC heap before
{Heap before GC invocations=24 (full 4):
 PSYoungGen      total 138240K, used 137988K [0x00000000f5500000, 0x0000000100000000, 0x0000000100000000)
  eden space 107008K, 100% used [0x00000000f5500000,0x00000000fbd80000,0x00000000fbd80000)
  from space 31232K, 99% used [0x00000000fbd80000,0x00000000fdbc11e8,0x00000000fdc00000)
  to   space 36864K, 0% used [0x00000000fdc00000,0x00000000fdc00000,0x0000000100000000)
 ParOldGen       total 128000K, used 73810K [0x00000000e0000000, 0x00000000e7d00000, 0x00000000f5500000)
  object space 128000K, 57% used [0x00000000e0000000,0x00000000e4814ab0,0x00000000e7d00000)
 PSPermGen       total 112128K, used 82901K [0x00000000d0000000, 0x00000000d6d80000, 0x00000000e0000000)
  object space 112128K, 73% used [0x00000000d0000000,0x00000000d50f5418,0x00000000d6d80000)
Event: 393.794 GC heap after
Heap after GC invocations=24 (full 4):
 PSYoungGen      total 126976K, used 35988K [0x00000000f5500000, 0x0000000100000000, 0x0000000100000000)
  eden space 90112K, 0% used [0x00000000f5500000,0x00000000f5500000,0x00000000fad00000)
  from space 36864K, 97% used [0x00000000fdc00000,0x00000000fff250a0,0x0000000100000000)
  to   space 42496K, 0% used [0x00000000fad00000,0x00000000fad00000,0x00000000fd680000)
 ParOldGen       total 128000K, used 73810K [0x00000000e0000000, 0x00000000e7d00000, 0x00000000f5500000)
  object space 128000K, 57% used [0x00000000e0000000,0x00000000e4814ab0,0x00000000e7d00000)
 PSPermGen       total 112128K, used 82901K [0x00000000d0000000, 0x00000000d6d80000, 0x00000000e0000000)
  object space 112128K, 73% used [0x00000000d0000000,0x00000000d50f5418,0x00000000d6d80000)
}
Event: 395.389 GC heap before
{Heap before GC invocations=25 (full 4):
 PSYoungGen      total 126976K, used 52478K [0x00000000f5500000, 0x0000000100000000, 0x0000000100000000)
  eden space 90112K, 18% used [0x00000000f5500000,0x00000000f651ab20,0x00000000fad00000)
  from space 36864K, 97% used [0x00000000fdc00000,0x00000000fff250a0,0x0000000100000000)
  to   space 42496K, 0% used [0x00000000fad00000,0x00000000fad00000,0x00000000fd680000)
 ParOldGen       total 128000K, used 73810K [0x00000000e0000000, 0x00000000e7d00000, 0x00000000f5500000)
  object space 128000K, 57% used [0x00000000e0000000,0x00000000e4814ab0,0x00000000e7d00000)
 PSPermGen       total 112128K, used 82981K [0x00000000d0000000, 0x00000000d6d80000, 0x00000000e0000000)
  object space 112128K, 74% used [0x00000000d0000000,0x00000000d5109618,0x00000000d6d80000)
Event: 395.496 GC heap after
Heap after GC invocations=25 (full 4):
 PSYoungGen      total 116224K, used 25759K [0x00000000f5500000, 0x0000000100000000, 0x0000000100000000)
  eden space 90112K, 0% used [0x00000000f5500000,0x00000000f5500000,0x00000000fad00000)
  from space 26112K, 98% used [0x00000000fad00000,0x00000000fc627f90,0x00000000fc680000)
  to   space 43008K, 0% used [0x00000000fd600000,0x00000000fd600000,0x0000000100000000)
 ParOldGen       total 128000K, used 73810K [0x00000000e0000000, 0x00000000e7d00000, 0x00000000f5500000)
  object space 128000K, 57% used [0x00000000e0000000,0x00000000e4814ab0,0x00000000e7d00000)
 PSPermGen       total 112128K, used 82981K [0x00000000d0000000, 0x00000000d6d80000, 0x00000000e0000000)
  object space 112128K, 74% used [0x00000000d0000000,0x00000000d5109618,0x00000000d6d80000)
}
Event: 395.496 GC heap before
{Heap before GC invocations=26 (full 5):
 PSYoungGen      total 116224K, used 25759K [0x00000000f5500000, 0x0000000100000000, 0x0000000100000000)
  eden space 90112K, 0% used [0x00000000f5500000,0x00000000f5500000,0x00000000fad00000)
  from space 26112K, 98% used [0x00000000fad00000,0x00000000fc627f90,0x00000000fc680000)
  to   space 43008K, 0% used [0x00000000fd600000,0x00000000fd600000,0x0000000100000000)
 ParOldGen       total 128000K, used 73810K [0x00000000e0000000, 0x00000000e7d00000, 0x00000000f5500000)
  object space 128000K, 57% used [0x00000000e0000000,0x00000000e4814ab0,0x00000000e7d00000)
 PSPermGen       total 112128K, used 82981K [0x00000000d0000000, 0x00000000d6d80000, 0x00000000e0000000)
  object space 112128K, 74% used [0x00000000d0000000,0x00000000d5109618,0x00000000d6d80000)
Event: 397.613 GC heap after
Heap after GC invocations=26 (full 5):
 PSYoungGen      total 116224K, used 0K [0x00000000f5500000, 0x0000000100000000, 0x0000000100000000)
  eden space 90112K, 0% used [0x00000000f5500000,0x00000000f5500000,0x00000000fad00000)
  from space 26112K, 0% used [0x00000000fad00000,0x00000000fad00000,0x00000000fc680000)
  to   space 43008K, 0% used [0x00000000fd600000,0x00000000fd600000,0x0000000100000000)
 ParOldGen       total 128000K, used 90280K [0x00000000e0000000, 0x00000000e7d00000, 0x00000000f5500000)
  object space 128000K, 70% used [0x00000000e0000000,0x00000000e582a188,0x00000000e7d00000)
 PSPermGen       total 121344K, used 82901K [0x00000000d0000000, 0x00000000d7680000, 0x00000000e0000000)
  object space 121344K, 68% used [0x00000000d0000000,0x00000000d50f5690,0x00000000d7680000)
}

