# JRE version: Java(TM) SE Runtime Environment (7.0_75-b13) (build 1.7.0_75-b13)
# Java VM: Java HotSpot(TM) 64-Bit Server VM (24.75-b04 mixed mode windows-amd64 compressed oops)
Heap
 PSYoungGen      total 36352K, used 3218K [0x00000000f5500000, 0x00000000f9c00000, 0x0000000100000000)
  eden space 33792K, 1% used [0x00000000f5500000,0x00000000f55a7d28,0x00000000f7600000)
  from space 2560K, 99% used [0x00000000f7600000,0x00000000f787cd28,0x00000000f7880000)
  to   space 2560K, 0% used [0x00000000f9980000,0x00000000f9980000,0x00000000f9c00000)
 ParOldGen       total 43008K, used 9653K [0x00000000e0000000, 0x00000000e2a00000, 0x00000000f5500000)
  object space 43008K, 22% used [0x00000000e0000000,0x00000000e096d7a0,0x00000000e2a00000)
 PSPermGen       total 21504K, used 5594K [0x00000000dae00000, 0x00000000dc300000, 0x00000000e0000000)
  object space 21504K, 26% used [0x00000000dae00000,0x00000000db376a90,0x00000000dc300000)
GC Heap History (6 events):
Event: 4.095 GC heap before
{Heap before GC invocations=1 (full 0):
 PSYoungGen      total 19456K, used 16896K [0x00000000f5500000, 0x00000000f6a80000, 0x0000000100000000)
  eden space 16896K, 100% used [0x00000000f5500000,0x00000000f6580000,0x00000000f6580000)
  from space 2560K, 0% used [0x00000000f6800000,0x00000000f6800000,0x00000000f6a80000)
  to   space 2560K, 0% used [0x00000000f6580000,0x00000000f6580000,0x00000000f6800000)
 ParOldGen       total 43008K, used 0K [0x00000000e0000000, 0x00000000e2a00000, 0x00000000f5500000)
  object space 43008K, 0% used [0x00000000e0000000,0x00000000e0000000,0x00000000e2a00000)
 PSPermGen       total 21504K, used 5391K [0x00000000dae00000, 0x00000000dc300000, 0x00000000e0000000)
  object space 21504K, 25% used [0x00000000dae00000,0x00000000db343cc0,0x00000000dc300000)
Event: 4.435 GC heap after
Heap after GC invocations=1 (full 0):
 PSYoungGen      total 19456K, used 2551K [0x00000000f5500000, 0x00000000f7b00000, 0x0000000100000000)
  eden space 16896K, 0% used [0x00000000f5500000,0x00000000f5500000,0x00000000f6580000)
  from space 2560K, 99% used [0x00000000f6580000,0x00000000f67fdc78,0x00000000f6800000)
  to   space 2560K, 0% used [0x00000000f7880000,0x00000000f7880000,0x00000000f7b00000)
 ParOldGen       total 43008K, used 1596K [0x00000000e0000000, 0x00000000e2a00000, 0x00000000f5500000)
  object space 43008K, 3% used [0x00000000e0000000,0x00000000e018f0a8,0x00000000e2a00000)
 PSPermGen       total 21504K, used 5391K [0x00000000dae00000, 0x00000000dc300000, 0x00000000e0000000)
  object space 21504K, 25% used [0x00000000dae00000,0x00000000db343cc0,0x00000000dc300000)
}
Event: 7.114 GC heap before
{Heap before GC invocations=2 (full 0):
 PSYoungGen      total 19456K, used 19447K [0x00000000f5500000, 0x00000000f7b00000, 0x0000000100000000)
  eden space 16896K, 100% used [0x00000000f5500000,0x00000000f6580000,0x00000000f6580000)
  from space 2560K, 99% used [0x00000000f6580000,0x00000000f67fdc78,0x00000000f6800000)
  to   space 2560K, 0% used [0x00000000f7880000,0x00000000f7880000,0x00000000f7b00000)
 ParOldGen       total 43008K, used 1596K [0x00000000e0000000, 0x00000000e2a00000, 0x00000000f5500000)
  object space 43008K, 3% used [0x00000000e0000000,0x00000000e018f0a8,0x00000000e2a00000)
 PSPermGen       total 21504K, used 5526K [0x00000000dae00000, 0x00000000dc300000, 0x00000000e0000000)
  object space 21504K, 25% used [0x00000000dae00000,0x00000000db365b50,0x00000000dc300000)
Event: 8.395 GC heap after
Heap after GC invocations=2 (full 0):
 PSYoungGen      total 36352K, used 2535K [0x00000000f5500000, 0x00000000f7b00000, 0x0000000100000000)
  eden space 33792K, 0% used [0x00000000f5500000,0x00000000f5500000,0x00000000f7600000)
  from space 2560K, 99% used [0x00000000f7880000,0x00000000f7af9c78,0x00000000f7b00000)
  to   space 2560K, 0% used [0x00000000f7600000,0x00000000f7600000,0x00000000f7880000)
 ParOldGen       total 43008K, used 4235K [0x00000000e0000000, 0x00000000e2a00000, 0x00000000f5500000)
  object space 43008K, 9% used [0x00000000e0000000,0x00000000e0422ee8,0x00000000e2a00000)
 PSPermGen       total 21504K, used 5526K [0x00000000dae00000, 0x00000000dc300000, 0x00000000e0000000)
  object space 21504K, 25% used [0x00000000dae00000,0x00000000db365b50,0x00000000dc300000)
}
Event: 10.899 GC heap before
{Heap before GC invocations=3 (full 0):
 PSYoungGen      total 36352K, used 36327K [0x00000000f5500000, 0x00000000f7b00000, 0x0000000100000000)
  eden space 33792K, 100% used [0x00000000f5500000,0x00000000f7600000,0x00000000f7600000)
  from space 2560K, 99% used [0x00000000f7880000,0x00000000f7af9c78,0x00000000f7b00000)
  to   space 2560K, 0% used [0x00000000f7600000,0x00000000f7600000,0x00000000f7880000)
 ParOldGen       total 43008K, used 4235K [0x00000000e0000000, 0x00000000e2a00000, 0x00000000f5500000)
  object space 43008K, 9% used [0x00000000e0000000,0x00000000e0422ee8,0x00000000e2a00000)
 PSPermGen       total 21504K, used 5594K [0x00000000dae00000, 0x00000000dc300000, 0x00000000e0000000)
  object space 21504K, 26% used [0x00000000dae00000,0x00000000db376a90,0x00000000dc300000)
Event: 12.270 GC heap after
Heap after GC invocations=3 (full 0):
 PSYoungGen      total 36352K, used 2547K [0x00000000f5500000, 0x00000000f9c00000, 0x0000000100000000)
  eden space 33792K, 0% used [0x00000000f5500000,0x00000000f5500000,0x00000000f7600000)
  from space 2560K, 99% used [0x00000000f7600000,0x00000000f787cd28,0x00000000f7880000)
  to   space 2560K, 0% used [0x00000000f9980000,0x00000000f9980000,0x00000000f9c00000)
 ParOldGen       total 43008K, used 9653K [0x00000000e0000000, 0x00000000e2a00000, 0x00000000f5500000)
  object space 43008K, 22% used [0x00000000e0000000,0x00000000e096d7a0,0x00000000e2a00000)
 PSPermGen       total 21504K, used 5594K [0x00000000dae00000, 0x00000000dc300000, 0x00000000e0000000)
  object space 21504K, 26% used [0x00000000dae00000,0x00000000db376a90,0x00000000dc300000)
}

