# JRE version: Java(TM) SE Runtime Environment (7.0_75-b13) (build 1.7.0_75-b13)
# Java VM: Java HotSpot(TM) 64-Bit Server VM (24.75-b04 mixed mode windows-amd64 compressed oops)
Heap
 PSYoungGen      total 19456K, used 11738K [0x00000000f5500000, 0x00000000f7b00000, 0x0000000100000000)
  eden space 16896K, 54% used [0x00000000f5500000,0x00000000f5dfddd8,0x00000000f6580000)
  from space 2560K, 98% used [0x00000000f6580000,0x00000000f67f8d10,0x00000000f6800000)
  to   space 2560K, 0% used [0x00000000f7880000,0x00000000f7880000,0x00000000f7b00000)
 ParOldGen       total 43008K, used 6589K [0x00000000e0000000, 0x00000000e2a00000, 0x00000000f5500000)
  object space 43008K, 15% used [0x00000000e0000000,0x00000000e066f418,0x00000000e2a00000)
 PSPermGen       total 21504K, used 5629K [0x00000000dae00000, 0x00000000dc300000, 0x00000000e0000000)
  object space 21504K, 26% used [0x00000000dae00000,0x00000000db37f6d0,0x00000000dc300000)
GC Heap History (6 events):
Event: 2.867 GC heap before
{Heap before GC invocations=1 (full 0):
 PSYoungGen      total 19456K, used 16896K [0x00000000f5500000, 0x00000000f6a80000, 0x0000000100000000)
  eden space 16896K, 100% used [0x00000000f5500000,0x00000000f6580000,0x00000000f6580000)
  from space 2560K, 0% used [0x00000000f6800000,0x00000000f6800000,0x00000000f6a80000)
  to   space 2560K, 0% used [0x00000000f6580000,0x00000000f6580000,0x00000000f6800000)
 ParOldGen       total 43008K, used 0K [0x00000000e0000000, 0x00000000e2a00000, 0x00000000f5500000)
  object space 43008K, 0% used [0x00000000e0000000,0x00000000e0000000,0x00000000e2a00000)
 PSPermGen       total 21504K, used 5380K [0x00000000dae00000, 0x00000000dc300000, 0x00000000e0000000)
  object space 21504K, 25% used [0x00000000dae00000,0x00000000db3411b8,0x00000000dc300000)
Event: 2.881 GC heap after
Heap after GC invocations=1 (full 0):
 PSYoungGen      total 19456K, used 2529K [0x00000000f5500000, 0x00000000f6a80000, 0x0000000100000000)
  eden space 16896K, 0% used [0x00000000f5500000,0x00000000f5500000,0x00000000f6580000)
  from space 2560K, 98% used [0x00000000f6580000,0x00000000f67f8558,0x00000000f6800000)
  to   space 2560K, 0% used [0x00000000f6800000,0x00000000f6800000,0x00000000f6a80000)
 ParOldGen       total 43008K, used 1499K [0x00000000e0000000, 0x00000000e2a00000, 0x00000000f5500000)
  object space 43008K, 3% used [0x00000000e0000000,0x00000000e0176ea0,0x00000000e2a00000)
 PSPermGen       total 21504K, used 5380K [0x00000000dae00000, 0x00000000dc300000, 0x00000000e0000000)
  object space 21504K, 25% used [0x00000000dae00000,0x00000000db3411b8,0x00000000dc300000)
}
Event: 4.437 GC heap before
{Heap before GC invocations=2 (full 0):
 PSYoungGen      total 19456K, used 19425K [0x00000000f5500000, 0x00000000f6a80000, 0x0000000100000000)
  eden space 16896K, 100% used [0x00000000f5500000,0x00000000f6580000,0x00000000f6580000)
  from space 2560K, 98% used [0x00000000f6580000,0x00000000f67f8558,0x00000000f6800000)
  to   space 2560K, 0% used [0x00000000f6800000,0x00000000f6800000,0x00000000f6a80000)
 ParOldGen       total 43008K, used 1499K [0x00000000e0000000, 0x00000000e2a00000, 0x00000000f5500000)
  object space 43008K, 3% used [0x00000000e0000000,0x00000000e0176ea0,0x00000000e2a00000)
 PSPermGen       total 21504K, used 5567K [0x00000000dae00000, 0x00000000dc300000, 0x00000000e0000000)
  object space 21504K, 25% used [0x00000000dae00000,0x00000000db36ff60,0x00000000dc300000)
Event: 4.459 GC heap after
Heap after GC invocations=2 (full 0):
 PSYoungGen      total 19456K, used 2553K [0x00000000f5500000, 0x00000000f6a80000, 0x0000000100000000)
  eden space 16896K, 0% used [0x00000000f5500000,0x00000000f5500000,0x00000000f6580000)
  from space 2560K, 99% used [0x00000000f6800000,0x00000000f6a7e660,0x00000000f6a80000)
  to   space 2560K, 0% used [0x00000000f6580000,0x00000000f6580000,0x00000000f6800000)
 ParOldGen       total 43008K, used 4016K [0x00000000e0000000, 0x00000000e2a00000, 0x00000000f5500000)
  object space 43008K, 9% used [0x00000000e0000000,0x00000000e03ec130,0x00000000e2a00000)
 PSPermGen       total 21504K, used 5567K [0x00000000dae00000, 0x00000000dc300000, 0x00000000e0000000)
  object space 21504K, 25% used [0x00000000dae00000,0x00000000db36ff60,0x00000000dc300000)
}
Event: 8.801 GC heap before
{Heap before GC invocations=3 (full 0):
 PSYoungGen      total 19456K, used 19449K [0x00000000f5500000, 0x00000000f6a80000, 0x0000000100000000)
  eden space 16896K, 100% used [0x00000000f5500000,0x00000000f6580000,0x00000000f6580000)
  from space 2560K, 99% used [0x00000000f6800000,0x00000000f6a7e660,0x00000000f6a80000)
  to   space 2560K, 0% used [0x00000000f6580000,0x00000000f6580000,0x00000000f6800000)
 ParOldGen       total 43008K, used 4016K [0x00000000e0000000, 0x00000000e2a00000, 0x00000000f5500000)
  object space 43008K, 9% used [0x00000000e0000000,0x00000000e03ec130,0x00000000e2a00000)
 PSPermGen       total 21504K, used 5603K [0x00000000dae00000, 0x00000000dc300000, 0x00000000e0000000)
  object space 21504K, 26% used [0x00000000dae00000,0x00000000db378db0,0x00000000dc300000)
Event: 10.680 GC heap after
Heap after GC invocations=3 (full 0):
 PSYoungGen      total 19456K, used 2531K [0x00000000f5500000, 0x00000000f7b00000, 0x0000000100000000)
  eden space 16896K, 0% used [0x00000000f5500000,0x00000000f5500000,0x00000000f6580000)
  from space 2560K, 98% used [0x00000000f6580000,0x00000000f67f8d10,0x00000000f6800000)
  to   space 2560K, 0% used [0x00000000f7880000,0x00000000f7880000,0x00000000f7b00000)
 ParOldGen       total 43008K, used 6589K [0x00000000e0000000, 0x00000000e2a00000, 0x00000000f5500000)
  object space 43008K, 15% used [0x00000000e0000000,0x00000000e066f418,0x00000000e2a00000)
 PSPermGen       total 21504K, used 5603K [0x00000000dae00000, 0x00000000dc300000, 0x00000000e0000000)
  object space 21504K, 26% used [0x00000000dae00000,0x00000000db378db0,0x00000000dc300000)
}

